The system is: Linux - 4.14.39-2-lts - x86_64
Compiling the C compiler identification source file "CMakeCCompilerId.c" succeeded.
Compiler: /usr/bin/cc 
Build flags: 
Id flags:  

The output was:
0


Compilation of the C compiler identification source "CMakeCCompilerId.c" produced "a.out"

The C compiler identification is GNU, found in "/home/juliagoda/Github/AntiMicro/antimicro/zbudowane/CMakeFiles/3.11.1/CompilerIdC/a.out"

Compiling the CXX compiler identification source file "CMakeCXXCompilerId.cpp" succeeded.
Compiler: /usr/bin/c++ 
Build flags: 
Id flags:  

The output was:
0


Compilation of the CXX compiler identification source "CMakeCXXCompilerId.cpp" produced "a.out"

The CXX compiler identification is GNU, found in "/home/juliagoda/Github/AntiMicro/antimicro/zbudowane/CMakeFiles/3.11.1/CompilerIdCXX/a.out"

Determining if the C compiler works passed with the following output:
Change Dir: /home/juliagoda/Github/AntiMicro/antimicro/zbudowane/CMakeFiles/CMakeTmp

Run Build Command:"/usr/bin/make" "cmTC_caf96/fast"
/usr/bin/make -f CMakeFiles/cmTC_caf96.dir/build.make CMakeFiles/cmTC_caf96.dir/build
make[1]: Wejście do katalogu '/home/juliagoda/Github/AntiMicro/antimicro/zbudowane/CMakeFiles/CMakeTmp'
Building C object CMakeFiles/cmTC_caf96.dir/testCCompiler.c.o
/usr/bin/cc    -o CMakeFiles/cmTC_caf96.dir/testCCompiler.c.o   -c /home/juliagoda/Github/AntiMicro/antimicro/zbudowane/CMakeFiles/CMakeTmp/testCCompiler.c
Linking C executable cmTC_caf96
/usr/bin/cmake -E cmake_link_script CMakeFiles/cmTC_caf96.dir/link.txt --verbose=1
/usr/bin/cc      CMakeFiles/cmTC_caf96.dir/testCCompiler.c.o  -o cmTC_caf96 
make[1]: Opuszczenie katalogu '/home/juliagoda/Github/AntiMicro/antimicro/zbudowane/CMakeFiles/CMakeTmp'


Detecting C compiler ABI info compiled with the following output:
Change Dir: /home/juliagoda/Github/AntiMicro/antimicro/zbudowane/CMakeFiles/CMakeTmp

Run Build Command:"/usr/bin/make" "cmTC_7630f/fast"
/usr/bin/make -f CMakeFiles/cmTC_7630f.dir/build.make CMakeFiles/cmTC_7630f.dir/build
make[1]: Wejście do katalogu '/home/juliagoda/Github/AntiMicro/antimicro/zbudowane/CMakeFiles/CMakeTmp'
Building C object CMakeFiles/cmTC_7630f.dir/CMakeCCompilerABI.c.o
/usr/bin/cc    -o CMakeFiles/cmTC_7630f.dir/CMakeCCompilerABI.c.o   -c /usr/share/cmake-3.11/Modules/CMakeCCompilerABI.c
Linking C executable cmTC_7630f
/usr/bin/cmake -E cmake_link_script CMakeFiles/cmTC_7630f.dir/link.txt --verbose=1
/usr/bin/cc     -v CMakeFiles/cmTC_7630f.dir/CMakeCCompilerABI.c.o  -o cmTC_7630f 
Using built-in specs.
COLLECT_GCC=/usr/bin/cc
COLLECT_LTO_WRAPPER=/usr/lib/gcc/x86_64-pc-linux-gnu/8.1.0/lto-wrapper
Target: x86_64-pc-linux-gnu
Configured with: /build/gcc/src/gcc/configure --prefix=/usr --libdir=/usr/lib --libexecdir=/usr/lib --mandir=/usr/share/man --infodir=/usr/share/info --with-bugurl=https://bugs.archlinux.org/ --enable-languages=c,c++,ada,fortran,go,lto,objc,obj-c++ --enable-shared --enable-threads=posix --enable-libmpx --with-system-zlib --with-isl --enable-__cxa_atexit --disable-libunwind-exceptions --enable-clocale=gnu --disable-libstdcxx-pch --disable-libssp --enable-gnu-unique-object --enable-linker-build-id --enable-lto --enable-plugin --enable-install-libiberty --with-linker-hash-style=gnu --enable-gnu-indirect-function --enable-multilib --disable-werror --enable-checking=release --enable-default-pie --enable-default-ssp
Thread model: posix
gcc version 8.1.0 (GCC) 
COMPILER_PATH=/usr/lib/gcc/x86_64-pc-linux-gnu/8.1.0/:/usr/lib/gcc/x86_64-pc-linux-gnu/8.1.0/:/usr/lib/gcc/x86_64-pc-linux-gnu/:/usr/lib/gcc/x86_64-pc-linux-gnu/8.1.0/:/usr/lib/gcc/x86_64-pc-linux-gnu/
LIBRARY_PATH=/usr/lib/gcc/x86_64-pc-linux-gnu/8.1.0/:/usr/lib/gcc/x86_64-pc-linux-gnu/8.1.0/../../../../lib/:/lib/../lib/:/usr/lib/../lib/:/usr/lib/gcc/x86_64-pc-linux-gnu/8.1.0/../../../:/lib/:/usr/lib/
COLLECT_GCC_OPTIONS='-v' '-o' 'cmTC_7630f' '-mtune=generic' '-march=x86-64'
 /usr/lib/gcc/x86_64-pc-linux-gnu/8.1.0/collect2 -plugin /usr/lib/gcc/x86_64-pc-linux-gnu/8.1.0/liblto_plugin.so -plugin-opt=/usr/lib/gcc/x86_64-pc-linux-gnu/8.1.0/lto-wrapper -plugin-opt=-fresolution=/tmp/cc42rqBx.res -plugin-opt=-pass-through=-lgcc -plugin-opt=-pass-through=-lgcc_s -plugin-opt=-pass-through=-lc -plugin-opt=-pass-through=-lgcc -plugin-opt=-pass-through=-lgcc_s --build-id --eh-frame-hdr --hash-style=gnu -m elf_x86_64 -dynamic-linker /lib64/ld-linux-x86-64.so.2 -pie -o cmTC_7630f /usr/lib/gcc/x86_64-pc-linux-gnu/8.1.0/../../../../lib/Scrt1.o /usr/lib/gcc/x86_64-pc-linux-gnu/8.1.0/../../../../lib/crti.o /usr/lib/gcc/x86_64-pc-linux-gnu/8.1.0/crtbeginS.o -L/usr/lib/gcc/x86_64-pc-linux-gnu/8.1.0 -L/usr/lib/gcc/x86_64-pc-linux-gnu/8.1.0/../../../../lib -L/lib/../lib -L/usr/lib/../lib -L/usr/lib/gcc/x86_64-pc-linux-gnu/8.1.0/../../.. CMakeFiles/cmTC_7630f.dir/CMakeCCompilerABI.c.o -lgcc --as-needed -lgcc_s --no-as-needed -lc -lgcc --as-needed -lgcc_s --no-as-needed /usr/lib/gcc/x86_64-pc-linux-gnu/8.1.0/crtendS.o /usr/lib/gcc/x86_64-pc-linux-gnu/8.1.0/../../../../lib/crtn.o
COLLECT_GCC_OPTIONS='-v' '-o' 'cmTC_7630f' '-mtune=generic' '-march=x86-64'
make[1]: Opuszczenie katalogu '/home/juliagoda/Github/AntiMicro/antimicro/zbudowane/CMakeFiles/CMakeTmp'


Parsed C implicit link information from above output:
  link line regex: [^( *|.*[/\])(ld|CMAKE_LINK_STARTFILE-NOTFOUND|([^/\]+-)?ld|collect2)[^/\]*( |$)]
  ignore line: [Change Dir: /home/juliagoda/Github/AntiMicro/antimicro/zbudowane/CMakeFiles/CMakeTmp]
  ignore line: []
  ignore line: [Run Build Command:"/usr/bin/make" "cmTC_7630f/fast"]
  ignore line: [/usr/bin/make -f CMakeFiles/cmTC_7630f.dir/build.make CMakeFiles/cmTC_7630f.dir/build]
  ignore line: [make[1]: Wejście do katalogu '/home/juliagoda/Github/AntiMicro/antimicro/zbudowane/CMakeFiles/CMakeTmp']
  ignore line: [Building C object CMakeFiles/cmTC_7630f.dir/CMakeCCompilerABI.c.o]
  ignore line: [/usr/bin/cc    -o CMakeFiles/cmTC_7630f.dir/CMakeCCompilerABI.c.o   -c /usr/share/cmake-3.11/Modules/CMakeCCompilerABI.c]
  ignore line: [Linking C executable cmTC_7630f]
  ignore line: [/usr/bin/cmake -E cmake_link_script CMakeFiles/cmTC_7630f.dir/link.txt --verbose=1]
  ignore line: [/usr/bin/cc     -v CMakeFiles/cmTC_7630f.dir/CMakeCCompilerABI.c.o  -o cmTC_7630f ]
  ignore line: [Using built-in specs.]
  ignore line: [COLLECT_GCC=/usr/bin/cc]
  ignore line: [COLLECT_LTO_WRAPPER=/usr/lib/gcc/x86_64-pc-linux-gnu/8.1.0/lto-wrapper]
  ignore line: [Target: x86_64-pc-linux-gnu]
  ignore line: [Configured with: /build/gcc/src/gcc/configure --prefix=/usr --libdir=/usr/lib --libexecdir=/usr/lib --mandir=/usr/share/man --infodir=/usr/share/info --with-bugurl=https://bugs.archlinux.org/ --enable-languages=c,c++,ada,fortran,go,lto,objc,obj-c++ --enable-shared --enable-threads=posix --enable-libmpx --with-system-zlib --with-isl --enable-__cxa_atexit --disable-libunwind-exceptions --enable-clocale=gnu --disable-libstdcxx-pch --disable-libssp --enable-gnu-unique-object --enable-linker-build-id --enable-lto --enable-plugin --enable-install-libiberty --with-linker-hash-style=gnu --enable-gnu-indirect-function --enable-multilib --disable-werror --enable-checking=release --enable-default-pie --enable-default-ssp]
  ignore line: [Thread model: posix]
  ignore line: [gcc version 8.1.0 (GCC) ]
  ignore line: [COMPILER_PATH=/usr/lib/gcc/x86_64-pc-linux-gnu/8.1.0/:/usr/lib/gcc/x86_64-pc-linux-gnu/8.1.0/:/usr/lib/gcc/x86_64-pc-linux-gnu/:/usr/lib/gcc/x86_64-pc-linux-gnu/8.1.0/:/usr/lib/gcc/x86_64-pc-linux-gnu/]
  ignore line: [LIBRARY_PATH=/usr/lib/gcc/x86_64-pc-linux-gnu/8.1.0/:/usr/lib/gcc/x86_64-pc-linux-gnu/8.1.0/../../../../lib/:/lib/../lib/:/usr/lib/../lib/:/usr/lib/gcc/x86_64-pc-linux-gnu/8.1.0/../../../:/lib/:/usr/lib/]
  ignore line: [COLLECT_GCC_OPTIONS='-v' '-o' 'cmTC_7630f' '-mtune=generic' '-march=x86-64']
  link line: [ /usr/lib/gcc/x86_64-pc-linux-gnu/8.1.0/collect2 -plugin /usr/lib/gcc/x86_64-pc-linux-gnu/8.1.0/liblto_plugin.so -plugin-opt=/usr/lib/gcc/x86_64-pc-linux-gnu/8.1.0/lto-wrapper -plugin-opt=-fresolution=/tmp/cc42rqBx.res -plugin-opt=-pass-through=-lgcc -plugin-opt=-pass-through=-lgcc_s -plugin-opt=-pass-through=-lc -plugin-opt=-pass-through=-lgcc -plugin-opt=-pass-through=-lgcc_s --build-id --eh-frame-hdr --hash-style=gnu -m elf_x86_64 -dynamic-linker /lib64/ld-linux-x86-64.so.2 -pie -o cmTC_7630f /usr/lib/gcc/x86_64-pc-linux-gnu/8.1.0/../../../../lib/Scrt1.o /usr/lib/gcc/x86_64-pc-linux-gnu/8.1.0/../../../../lib/crti.o /usr/lib/gcc/x86_64-pc-linux-gnu/8.1.0/crtbeginS.o -L/usr/lib/gcc/x86_64-pc-linux-gnu/8.1.0 -L/usr/lib/gcc/x86_64-pc-linux-gnu/8.1.0/../../../../lib -L/lib/../lib -L/usr/lib/../lib -L/usr/lib/gcc/x86_64-pc-linux-gnu/8.1.0/../../.. CMakeFiles/cmTC_7630f.dir/CMakeCCompilerABI.c.o -lgcc --as-needed -lgcc_s --no-as-needed -lc -lgcc --as-needed -lgcc_s --no-as-needed /usr/lib/gcc/x86_64-pc-linux-gnu/8.1.0/crtendS.o /usr/lib/gcc/x86_64-pc-linux-gnu/8.1.0/../../../../lib/crtn.o]
    arg [/usr/lib/gcc/x86_64-pc-linux-gnu/8.1.0/collect2] ==> ignore
    arg [-plugin] ==> ignore
    arg [/usr/lib/gcc/x86_64-pc-linux-gnu/8.1.0/liblto_plugin.so] ==> ignore
    arg [-plugin-opt=/usr/lib/gcc/x86_64-pc-linux-gnu/8.1.0/lto-wrapper] ==> ignore
    arg [-plugin-opt=-fresolution=/tmp/cc42rqBx.res] ==> ignore
    arg [-plugin-opt=-pass-through=-lgcc] ==> ignore
    arg [-plugin-opt=-pass-through=-lgcc_s] ==> ignore
    arg [-plugin-opt=-pass-through=-lc] ==> ignore
    arg [-plugin-opt=-pass-through=-lgcc] ==> ignore
    arg [-plugin-opt=-pass-through=-lgcc_s] ==> ignore
    arg [--build-id] ==> ignore
    arg [--eh-frame-hdr] ==> ignore
    arg [--hash-style=gnu] ==> ignore
    arg [-m] ==> ignore
    arg [elf_x86_64] ==> ignore
    arg [-dynamic-linker] ==> ignore
    arg [/lib64/ld-linux-x86-64.so.2] ==> ignore
    arg [-pie] ==> ignore
    arg [-o] ==> ignore
    arg [cmTC_7630f] ==> ignore
    arg [/usr/lib/gcc/x86_64-pc-linux-gnu/8.1.0/../../../../lib/Scrt1.o] ==> ignore
    arg [/usr/lib/gcc/x86_64-pc-linux-gnu/8.1.0/../../../../lib/crti.o] ==> ignore
    arg [/usr/lib/gcc/x86_64-pc-linux-gnu/8.1.0/crtbeginS.o] ==> ignore
    arg [-L/usr/lib/gcc/x86_64-pc-linux-gnu/8.1.0] ==> dir [/usr/lib/gcc/x86_64-pc-linux-gnu/8.1.0]
    arg [-L/usr/lib/gcc/x86_64-pc-linux-gnu/8.1.0/../../../../lib] ==> dir [/usr/lib/gcc/x86_64-pc-linux-gnu/8.1.0/../../../../lib]
    arg [-L/lib/../lib] ==> dir [/lib/../lib]
    arg [-L/usr/lib/../lib] ==> dir [/usr/lib/../lib]
    arg [-L/usr/lib/gcc/x86_64-pc-linux-gnu/8.1.0/../../..] ==> dir [/usr/lib/gcc/x86_64-pc-linux-gnu/8.1.0/../../..]
    arg [CMakeFiles/cmTC_7630f.dir/CMakeCCompilerABI.c.o] ==> ignore
    arg [-lgcc] ==> lib [gcc]
    arg [--as-needed] ==> ignore
    arg [-lgcc_s] ==> lib [gcc_s]
    arg [--no-as-needed] ==> ignore
    arg [-lc] ==> lib [c]
    arg [-lgcc] ==> lib [gcc]
    arg [--as-needed] ==> ignore
    arg [-lgcc_s] ==> lib [gcc_s]
    arg [--no-as-needed] ==> ignore
    arg [/usr/lib/gcc/x86_64-pc-linux-gnu/8.1.0/crtendS.o] ==> ignore
    arg [/usr/lib/gcc/x86_64-pc-linux-gnu/8.1.0/../../../../lib/crtn.o] ==> ignore
  collapse library dir [/usr/lib/gcc/x86_64-pc-linux-gnu/8.1.0] ==> [/usr/lib/gcc/x86_64-pc-linux-gnu/8.1.0]
  collapse library dir [/usr/lib/gcc/x86_64-pc-linux-gnu/8.1.0/../../../../lib] ==> [/usr/lib]
  collapse library dir [/lib/../lib] ==> [/lib]
  collapse library dir [/usr/lib/../lib] ==> [/usr/lib]
  collapse library dir [/usr/lib/gcc/x86_64-pc-linux-gnu/8.1.0/../../..] ==> [/usr/lib]
  implicit libs: [gcc;gcc_s;c;gcc;gcc_s]
  implicit dirs: [/usr/lib/gcc/x86_64-pc-linux-gnu/8.1.0;/usr/lib;/lib]
  implicit fwks: []




Detecting C [-std=c11] compiler features compiled with the following output:
Change Dir: /home/juliagoda/Github/AntiMicro/antimicro/zbudowane/CMakeFiles/CMakeTmp

Run Build Command:"/usr/bin/make" "cmTC_4ec85/fast"
/usr/bin/make -f CMakeFiles/cmTC_4ec85.dir/build.make CMakeFiles/cmTC_4ec85.dir/build
make[1]: Wejście do katalogu '/home/juliagoda/Github/AntiMicro/antimicro/zbudowane/CMakeFiles/CMakeTmp'
Building C object CMakeFiles/cmTC_4ec85.dir/feature_tests.c.o
/usr/bin/cc   -std=c11 -o CMakeFiles/cmTC_4ec85.dir/feature_tests.c.o   -c /home/juliagoda/Github/AntiMicro/antimicro/zbudowane/CMakeFiles/feature_tests.c
Linking C executable cmTC_4ec85
/usr/bin/cmake -E cmake_link_script CMakeFiles/cmTC_4ec85.dir/link.txt --verbose=1
/usr/bin/cc      CMakeFiles/cmTC_4ec85.dir/feature_tests.c.o  -o cmTC_4ec85 
make[1]: Opuszczenie katalogu '/home/juliagoda/Github/AntiMicro/antimicro/zbudowane/CMakeFiles/CMakeTmp'


    Feature record: C_FEATURE:1c_function_prototypes
    Feature record: C_FEATURE:1c_restrict
    Feature record: C_FEATURE:1c_static_assert
    Feature record: C_FEATURE:1c_variadic_macros


Detecting C [-std=c99] compiler features compiled with the following output:
Change Dir: /home/juliagoda/Github/AntiMicro/antimicro/zbudowane/CMakeFiles/CMakeTmp

Run Build Command:"/usr/bin/make" "cmTC_fdf4f/fast"
/usr/bin/make -f CMakeFiles/cmTC_fdf4f.dir/build.make CMakeFiles/cmTC_fdf4f.dir/build
make[1]: Wejście do katalogu '/home/juliagoda/Github/AntiMicro/antimicro/zbudowane/CMakeFiles/CMakeTmp'
Building C object CMakeFiles/cmTC_fdf4f.dir/feature_tests.c.o
/usr/bin/cc   -std=c99 -o CMakeFiles/cmTC_fdf4f.dir/feature_tests.c.o   -c /home/juliagoda/Github/AntiMicro/antimicro/zbudowane/CMakeFiles/feature_tests.c
Linking C executable cmTC_fdf4f
/usr/bin/cmake -E cmake_link_script CMakeFiles/cmTC_fdf4f.dir/link.txt --verbose=1
/usr/bin/cc      CMakeFiles/cmTC_fdf4f.dir/feature_tests.c.o  -o cmTC_fdf4f 
make[1]: Opuszczenie katalogu '/home/juliagoda/Github/AntiMicro/antimicro/zbudowane/CMakeFiles/CMakeTmp'


    Feature record: C_FEATURE:1c_function_prototypes
    Feature record: C_FEATURE:1c_restrict
    Feature record: C_FEATURE:0c_static_assert
    Feature record: C_FEATURE:1c_variadic_macros


Detecting C [-std=c90] compiler features compiled with the following output:
Change Dir: /home/juliagoda/Github/AntiMicro/antimicro/zbudowane/CMakeFiles/CMakeTmp

Run Build Command:"/usr/bin/make" "cmTC_90ff2/fast"
/usr/bin/make -f CMakeFiles/cmTC_90ff2.dir/build.make CMakeFiles/cmTC_90ff2.dir/build
make[1]: Wejście do katalogu '/home/juliagoda/Github/AntiMicro/antimicro/zbudowane/CMakeFiles/CMakeTmp'
Building C object CMakeFiles/cmTC_90ff2.dir/feature_tests.c.o
/usr/bin/cc   -std=c90 -o CMakeFiles/cmTC_90ff2.dir/feature_tests.c.o   -c /home/juliagoda/Github/AntiMicro/antimicro/zbudowane/CMakeFiles/feature_tests.c
Linking C executable cmTC_90ff2
/usr/bin/cmake -E cmake_link_script CMakeFiles/cmTC_90ff2.dir/link.txt --verbose=1
/usr/bin/cc      CMakeFiles/cmTC_90ff2.dir/feature_tests.c.o  -o cmTC_90ff2 
make[1]: Opuszczenie katalogu '/home/juliagoda/Github/AntiMicro/antimicro/zbudowane/CMakeFiles/CMakeTmp'


    Feature record: C_FEATURE:1c_function_prototypes
    Feature record: C_FEATURE:0c_restrict
    Feature record: C_FEATURE:0c_static_assert
    Feature record: C_FEATURE:0c_variadic_macros
Determining if the CXX compiler works passed with the following output:
Change Dir: /home/juliagoda/Github/AntiMicro/antimicro/zbudowane/CMakeFiles/CMakeTmp

Run Build Command:"/usr/bin/make" "cmTC_68a2d/fast"
/usr/bin/make -f CMakeFiles/cmTC_68a2d.dir/build.make CMakeFiles/cmTC_68a2d.dir/build
make[1]: Wejście do katalogu '/home/juliagoda/Github/AntiMicro/antimicro/zbudowane/CMakeFiles/CMakeTmp'
Building CXX object CMakeFiles/cmTC_68a2d.dir/testCXXCompiler.cxx.o
/usr/bin/c++     -o CMakeFiles/cmTC_68a2d.dir/testCXXCompiler.cxx.o -c /home/juliagoda/Github/AntiMicro/antimicro/zbudowane/CMakeFiles/CMakeTmp/testCXXCompiler.cxx
Linking CXX executable cmTC_68a2d
/usr/bin/cmake -E cmake_link_script CMakeFiles/cmTC_68a2d.dir/link.txt --verbose=1
/usr/bin/c++       CMakeFiles/cmTC_68a2d.dir/testCXXCompiler.cxx.o  -o cmTC_68a2d 
make[1]: Opuszczenie katalogu '/home/juliagoda/Github/AntiMicro/antimicro/zbudowane/CMakeFiles/CMakeTmp'


Detecting CXX compiler ABI info compiled with the following output:
Change Dir: /home/juliagoda/Github/AntiMicro/antimicro/zbudowane/CMakeFiles/CMakeTmp

Run Build Command:"/usr/bin/make" "cmTC_e582a/fast"
/usr/bin/make -f CMakeFiles/cmTC_e582a.dir/build.make CMakeFiles/cmTC_e582a.dir/build
make[1]: Wejście do katalogu '/home/juliagoda/Github/AntiMicro/antimicro/zbudowane/CMakeFiles/CMakeTmp'
Building CXX object CMakeFiles/cmTC_e582a.dir/CMakeCXXCompilerABI.cpp.o
/usr/bin/c++     -o CMakeFiles/cmTC_e582a.dir/CMakeCXXCompilerABI.cpp.o -c /usr/share/cmake-3.11/Modules/CMakeCXXCompilerABI.cpp
Linking CXX executable cmTC_e582a
/usr/bin/cmake -E cmake_link_script CMakeFiles/cmTC_e582a.dir/link.txt --verbose=1
/usr/bin/c++      -v CMakeFiles/cmTC_e582a.dir/CMakeCXXCompilerABI.cpp.o  -o cmTC_e582a 
Using built-in specs.
COLLECT_GCC=/usr/bin/c++
COLLECT_LTO_WRAPPER=/usr/lib/gcc/x86_64-pc-linux-gnu/8.1.0/lto-wrapper
Target: x86_64-pc-linux-gnu
Configured with: /build/gcc/src/gcc/configure --prefix=/usr --libdir=/usr/lib --libexecdir=/usr/lib --mandir=/usr/share/man --infodir=/usr/share/info --with-bugurl=https://bugs.archlinux.org/ --enable-languages=c,c++,ada,fortran,go,lto,objc,obj-c++ --enable-shared --enable-threads=posix --enable-libmpx --with-system-zlib --with-isl --enable-__cxa_atexit --disable-libunwind-exceptions --enable-clocale=gnu --disable-libstdcxx-pch --disable-libssp --enable-gnu-unique-object --enable-linker-build-id --enable-lto --enable-plugin --enable-install-libiberty --with-linker-hash-style=gnu --enable-gnu-indirect-function --enable-multilib --disable-werror --enable-checking=release --enable-default-pie --enable-default-ssp
Thread model: posix
gcc version 8.1.0 (GCC) 
COMPILER_PATH=/usr/lib/gcc/x86_64-pc-linux-gnu/8.1.0/:/usr/lib/gcc/x86_64-pc-linux-gnu/8.1.0/:/usr/lib/gcc/x86_64-pc-linux-gnu/:/usr/lib/gcc/x86_64-pc-linux-gnu/8.1.0/:/usr/lib/gcc/x86_64-pc-linux-gnu/
LIBRARY_PATH=/usr/lib/gcc/x86_64-pc-linux-gnu/8.1.0/:/usr/lib/gcc/x86_64-pc-linux-gnu/8.1.0/../../../../lib/:/lib/../lib/:/usr/lib/../lib/:/usr/lib/gcc/x86_64-pc-linux-gnu/8.1.0/../../../:/lib/:/usr/lib/
COLLECT_GCC_OPTIONS='-v' '-o' 'cmTC_e582a' '-shared-libgcc' '-mtune=generic' '-march=x86-64'
 /usr/lib/gcc/x86_64-pc-linux-gnu/8.1.0/collect2 -plugin /usr/lib/gcc/x86_64-pc-linux-gnu/8.1.0/liblto_plugin.so -plugin-opt=/usr/lib/gcc/x86_64-pc-linux-gnu/8.1.0/lto-wrapper -plugin-opt=-fresolution=/tmp/ccwFsxXS.res -plugin-opt=-pass-through=-lgcc_s -plugin-opt=-pass-through=-lgcc -plugin-opt=-pass-through=-lc -plugin-opt=-pass-through=-lgcc_s -plugin-opt=-pass-through=-lgcc --build-id --eh-frame-hdr --hash-style=gnu -m elf_x86_64 -dynamic-linker /lib64/ld-linux-x86-64.so.2 -pie -o cmTC_e582a /usr/lib/gcc/x86_64-pc-linux-gnu/8.1.0/../../../../lib/Scrt1.o /usr/lib/gcc/x86_64-pc-linux-gnu/8.1.0/../../../../lib/crti.o /usr/lib/gcc/x86_64-pc-linux-gnu/8.1.0/crtbeginS.o -L/usr/lib/gcc/x86_64-pc-linux-gnu/8.1.0 -L/usr/lib/gcc/x86_64-pc-linux-gnu/8.1.0/../../../../lib -L/lib/../lib -L/usr/lib/../lib -L/usr/lib/gcc/x86_64-pc-linux-gnu/8.1.0/../../.. CMakeFiles/cmTC_e582a.dir/CMakeCXXCompilerABI.cpp.o -lstdc++ -lm -lgcc_s -lgcc -lc -lgcc_s -lgcc /usr/lib/gcc/x86_64-pc-linux-gnu/8.1.0/crtendS.o /usr/lib/gcc/x86_64-pc-linux-gnu/8.1.0/../../../../lib/crtn.o
COLLECT_GCC_OPTIONS='-v' '-o' 'cmTC_e582a' '-shared-libgcc' '-mtune=generic' '-march=x86-64'
make[1]: Opuszczenie katalogu '/home/juliagoda/Github/AntiMicro/antimicro/zbudowane/CMakeFiles/CMakeTmp'


Parsed CXX implicit link information from above output:
  link line regex: [^( *|.*[/\])(ld|CMAKE_LINK_STARTFILE-NOTFOUND|([^/\]+-)?ld|collect2)[^/\]*( |$)]
  ignore line: [Change Dir: /home/juliagoda/Github/AntiMicro/antimicro/zbudowane/CMakeFiles/CMakeTmp]
  ignore line: []
  ignore line: [Run Build Command:"/usr/bin/make" "cmTC_e582a/fast"]
  ignore line: [/usr/bin/make -f CMakeFiles/cmTC_e582a.dir/build.make CMakeFiles/cmTC_e582a.dir/build]
  ignore line: [make[1]: Wejście do katalogu '/home/juliagoda/Github/AntiMicro/antimicro/zbudowane/CMakeFiles/CMakeTmp']
  ignore line: [Building CXX object CMakeFiles/cmTC_e582a.dir/CMakeCXXCompilerABI.cpp.o]
  ignore line: [/usr/bin/c++     -o CMakeFiles/cmTC_e582a.dir/CMakeCXXCompilerABI.cpp.o -c /usr/share/cmake-3.11/Modules/CMakeCXXCompilerABI.cpp]
  ignore line: [Linking CXX executable cmTC_e582a]
  ignore line: [/usr/bin/cmake -E cmake_link_script CMakeFiles/cmTC_e582a.dir/link.txt --verbose=1]
  ignore line: [/usr/bin/c++      -v CMakeFiles/cmTC_e582a.dir/CMakeCXXCompilerABI.cpp.o  -o cmTC_e582a ]
  ignore line: [Using built-in specs.]
  ignore line: [COLLECT_GCC=/usr/bin/c++]
  ignore line: [COLLECT_LTO_WRAPPER=/usr/lib/gcc/x86_64-pc-linux-gnu/8.1.0/lto-wrapper]
  ignore line: [Target: x86_64-pc-linux-gnu]
  ignore line: [Configured with: /build/gcc/src/gcc/configure --prefix=/usr --libdir=/usr/lib --libexecdir=/usr/lib --mandir=/usr/share/man --infodir=/usr/share/info --with-bugurl=https://bugs.archlinux.org/ --enable-languages=c,c++,ada,fortran,go,lto,objc,obj-c++ --enable-shared --enable-threads=posix --enable-libmpx --with-system-zlib --with-isl --enable-__cxa_atexit --disable-libunwind-exceptions --enable-clocale=gnu --disable-libstdcxx-pch --disable-libssp --enable-gnu-unique-object --enable-linker-build-id --enable-lto --enable-plugin --enable-install-libiberty --with-linker-hash-style=gnu --enable-gnu-indirect-function --enable-multilib --disable-werror --enable-checking=release --enable-default-pie --enable-default-ssp]
  ignore line: [Thread model: posix]
  ignore line: [gcc version 8.1.0 (GCC) ]
  ignore line: [COMPILER_PATH=/usr/lib/gcc/x86_64-pc-linux-gnu/8.1.0/:/usr/lib/gcc/x86_64-pc-linux-gnu/8.1.0/:/usr/lib/gcc/x86_64-pc-linux-gnu/:/usr/lib/gcc/x86_64-pc-linux-gnu/8.1.0/:/usr/lib/gcc/x86_64-pc-linux-gnu/]
  ignore line: [LIBRARY_PATH=/usr/lib/gcc/x86_64-pc-linux-gnu/8.1.0/:/usr/lib/gcc/x86_64-pc-linux-gnu/8.1.0/../../../../lib/:/lib/../lib/:/usr/lib/../lib/:/usr/lib/gcc/x86_64-pc-linux-gnu/8.1.0/../../../:/lib/:/usr/lib/]
  ignore line: [COLLECT_GCC_OPTIONS='-v' '-o' 'cmTC_e582a' '-shared-libgcc' '-mtune=generic' '-march=x86-64']
  link line: [ /usr/lib/gcc/x86_64-pc-linux-gnu/8.1.0/collect2 -plugin /usr/lib/gcc/x86_64-pc-linux-gnu/8.1.0/liblto_plugin.so -plugin-opt=/usr/lib/gcc/x86_64-pc-linux-gnu/8.1.0/lto-wrapper -plugin-opt=-fresolution=/tmp/ccwFsxXS.res -plugin-opt=-pass-through=-lgcc_s -plugin-opt=-pass-through=-lgcc -plugin-opt=-pass-through=-lc -plugin-opt=-pass-through=-lgcc_s -plugin-opt=-pass-through=-lgcc --build-id --eh-frame-hdr --hash-style=gnu -m elf_x86_64 -dynamic-linker /lib64/ld-linux-x86-64.so.2 -pie -o cmTC_e582a /usr/lib/gcc/x86_64-pc-linux-gnu/8.1.0/../../../../lib/Scrt1.o /usr/lib/gcc/x86_64-pc-linux-gnu/8.1.0/../../../../lib/crti.o /usr/lib/gcc/x86_64-pc-linux-gnu/8.1.0/crtbeginS.o -L/usr/lib/gcc/x86_64-pc-linux-gnu/8.1.0 -L/usr/lib/gcc/x86_64-pc-linux-gnu/8.1.0/../../../../lib -L/lib/../lib -L/usr/lib/../lib -L/usr/lib/gcc/x86_64-pc-linux-gnu/8.1.0/../../.. CMakeFiles/cmTC_e582a.dir/CMakeCXXCompilerABI.cpp.o -lstdc++ -lm -lgcc_s -lgcc -lc -lgcc_s -lgcc /usr/lib/gcc/x86_64-pc-linux-gnu/8.1.0/crtendS.o /usr/lib/gcc/x86_64-pc-linux-gnu/8.1.0/../../../../lib/crtn.o]
    arg [/usr/lib/gcc/x86_64-pc-linux-gnu/8.1.0/collect2] ==> ignore
    arg [-plugin] ==> ignore
    arg [/usr/lib/gcc/x86_64-pc-linux-gnu/8.1.0/liblto_plugin.so] ==> ignore
    arg [-plugin-opt=/usr/lib/gcc/x86_64-pc-linux-gnu/8.1.0/lto-wrapper] ==> ignore
    arg [-plugin-opt=-fresolution=/tmp/ccwFsxXS.res] ==> ignore
    arg [-plugin-opt=-pass-through=-lgcc_s] ==> ignore
    arg [-plugin-opt=-pass-through=-lgcc] ==> ignore
    arg [-plugin-opt=-pass-through=-lc] ==> ignore
    arg [-plugin-opt=-pass-through=-lgcc_s] ==> ignore
    arg [-plugin-opt=-pass-through=-lgcc] ==> ignore
    arg [--build-id] ==> ignore
    arg [--eh-frame-hdr] ==> ignore
    arg [--hash-style=gnu] ==> ignore
    arg [-m] ==> ignore
    arg [elf_x86_64] ==> ignore
    arg [-dynamic-linker] ==> ignore
    arg [/lib64/ld-linux-x86-64.so.2] ==> ignore
    arg [-pie] ==> ignore
    arg [-o] ==> ignore
    arg [cmTC_e582a] ==> ignore
    arg [/usr/lib/gcc/x86_64-pc-linux-gnu/8.1.0/../../../../lib/Scrt1.o] ==> ignore
    arg [/usr/lib/gcc/x86_64-pc-linux-gnu/8.1.0/../../../../lib/crti.o] ==> ignore
    arg [/usr/lib/gcc/x86_64-pc-linux-gnu/8.1.0/crtbeginS.o] ==> ignore
    arg [-L/usr/lib/gcc/x86_64-pc-linux-gnu/8.1.0] ==> dir [/usr/lib/gcc/x86_64-pc-linux-gnu/8.1.0]
    arg [-L/usr/lib/gcc/x86_64-pc-linux-gnu/8.1.0/../../../../lib] ==> dir [/usr/lib/gcc/x86_64-pc-linux-gnu/8.1.0/../../../../lib]
    arg [-L/lib/../lib] ==> dir [/lib/../lib]
    arg [-L/usr/lib/../lib] ==> dir [/usr/lib/../lib]
    arg [-L/usr/lib/gcc/x86_64-pc-linux-gnu/8.1.0/../../..] ==> dir [/usr/lib/gcc/x86_64-pc-linux-gnu/8.1.0/../../..]
    arg [CMakeFiles/cmTC_e582a.dir/CMakeCXXCompilerABI.cpp.o] ==> ignore
    arg [-lstdc++] ==> lib [stdc++]
    arg [-lm] ==> lib [m]
    arg [-lgcc_s] ==> lib [gcc_s]
    arg [-lgcc] ==> lib [gcc]
    arg [-lc] ==> lib [c]
    arg [-lgcc_s] ==> lib [gcc_s]
    arg [-lgcc] ==> lib [gcc]
    arg [/usr/lib/gcc/x86_64-pc-linux-gnu/8.1.0/crtendS.o] ==> ignore
    arg [/usr/lib/gcc/x86_64-pc-linux-gnu/8.1.0/../../../../lib/crtn.o] ==> ignore
  collapse library dir [/usr/lib/gcc/x86_64-pc-linux-gnu/8.1.0] ==> [/usr/lib/gcc/x86_64-pc-linux-gnu/8.1.0]
  collapse library dir [/usr/lib/gcc/x86_64-pc-linux-gnu/8.1.0/../../../../lib] ==> [/usr/lib]
  collapse library dir [/lib/../lib] ==> [/lib]
  collapse library dir [/usr/lib/../lib] ==> [/usr/lib]
  collapse library dir [/usr/lib/gcc/x86_64-pc-linux-gnu/8.1.0/../../..] ==> [/usr/lib]
  implicit libs: [stdc++;m;gcc_s;gcc;c;gcc_s;gcc]
  implicit dirs: [/usr/lib/gcc/x86_64-pc-linux-gnu/8.1.0;/usr/lib;/lib]
  implicit fwks: []




Detecting CXX [-std=c++1z] compiler features compiled with the following output:
Change Dir: /home/juliagoda/Github/AntiMicro/antimicro/zbudowane/CMakeFiles/CMakeTmp

Run Build Command:"/usr/bin/make" "cmTC_e763a/fast"
/usr/bin/make -f CMakeFiles/cmTC_e763a.dir/build.make CMakeFiles/cmTC_e763a.dir/build
make[1]: Wejście do katalogu '/home/juliagoda/Github/AntiMicro/antimicro/zbudowane/CMakeFiles/CMakeTmp'
Building CXX object CMakeFiles/cmTC_e763a.dir/feature_tests.cxx.o
/usr/bin/c++    -std=c++1z -o CMakeFiles/cmTC_e763a.dir/feature_tests.cxx.o -c /home/juliagoda/Github/AntiMicro/antimicro/zbudowane/CMakeFiles/feature_tests.cxx
Linking CXX executable cmTC_e763a
/usr/bin/cmake -E cmake_link_script CMakeFiles/cmTC_e763a.dir/link.txt --verbose=1
/usr/bin/c++       CMakeFiles/cmTC_e763a.dir/feature_tests.cxx.o  -o cmTC_e763a 
make[1]: Opuszczenie katalogu '/home/juliagoda/Github/AntiMicro/antimicro/zbudowane/CMakeFiles/CMakeTmp'


    Feature record: CXX_FEATURE:1cxx_aggregate_default_initializers
    Feature record: CXX_FEATURE:1cxx_alias_templates
    Feature record: CXX_FEATURE:1cxx_alignas
    Feature record: CXX_FEATURE:1cxx_alignof
    Feature record: CXX_FEATURE:1cxx_attributes
    Feature record: CXX_FEATURE:1cxx_attribute_deprecated
    Feature record: CXX_FEATURE:1cxx_auto_type
    Feature record: CXX_FEATURE:1cxx_binary_literals
    Feature record: CXX_FEATURE:1cxx_constexpr
    Feature record: CXX_FEATURE:1cxx_contextual_conversions
    Feature record: CXX_FEATURE:1cxx_decltype
    Feature record: CXX_FEATURE:1cxx_decltype_auto
    Feature record: CXX_FEATURE:1cxx_decltype_incomplete_return_types
    Feature record: CXX_FEATURE:1cxx_default_function_template_args
    Feature record: CXX_FEATURE:1cxx_defaulted_functions
    Feature record: CXX_FEATURE:1cxx_defaulted_move_initializers
    Feature record: CXX_FEATURE:1cxx_delegating_constructors
    Feature record: CXX_FEATURE:1cxx_deleted_functions
    Feature record: CXX_FEATURE:1cxx_digit_separators
    Feature record: CXX_FEATURE:1cxx_enum_forward_declarations
    Feature record: CXX_FEATURE:1cxx_explicit_conversions
    Feature record: CXX_FEATURE:1cxx_extended_friend_declarations
    Feature record: CXX_FEATURE:1cxx_extern_templates
    Feature record: CXX_FEATURE:1cxx_final
    Feature record: CXX_FEATURE:1cxx_func_identifier
    Feature record: CXX_FEATURE:1cxx_generalized_initializers
    Feature record: CXX_FEATURE:1cxx_generic_lambdas
    Feature record: CXX_FEATURE:1cxx_inheriting_constructors
    Feature record: CXX_FEATURE:1cxx_inline_namespaces
    Feature record: CXX_FEATURE:1cxx_lambdas
    Feature record: CXX_FEATURE:1cxx_lambda_init_captures
    Feature record: CXX_FEATURE:1cxx_local_type_template_args
    Feature record: CXX_FEATURE:1cxx_long_long_type
    Feature record: CXX_FEATURE:1cxx_noexcept
    Feature record: CXX_FEATURE:1cxx_nonstatic_member_init
    Feature record: CXX_FEATURE:1cxx_nullptr
    Feature record: CXX_FEATURE:1cxx_override
    Feature record: CXX_FEATURE:1cxx_range_for
    Feature record: CXX_FEATURE:1cxx_raw_string_literals
    Feature record: CXX_FEATURE:1cxx_reference_qualified_functions
    Feature record: CXX_FEATURE:1cxx_relaxed_constexpr
    Feature record: CXX_FEATURE:1cxx_return_type_deduction
    Feature record: CXX_FEATURE:1cxx_right_angle_brackets
    Feature record: CXX_FEATURE:1cxx_rvalue_references
    Feature record: CXX_FEATURE:1cxx_sizeof_member
    Feature record: CXX_FEATURE:1cxx_static_assert
    Feature record: CXX_FEATURE:1cxx_strong_enums
    Feature record: CXX_FEATURE:1cxx_template_template_parameters
    Feature record: CXX_FEATURE:1cxx_thread_local
    Feature record: CXX_FEATURE:1cxx_trailing_return_types
    Feature record: CXX_FEATURE:1cxx_unicode_literals
    Feature record: CXX_FEATURE:1cxx_uniform_initialization
    Feature record: CXX_FEATURE:1cxx_unrestricted_unions
    Feature record: CXX_FEATURE:1cxx_user_literals
    Feature record: CXX_FEATURE:1cxx_variable_templates
    Feature record: CXX_FEATURE:1cxx_variadic_macros
    Feature record: CXX_FEATURE:1cxx_variadic_templates


Detecting CXX [-std=c++14] compiler features compiled with the following output:
Change Dir: /home/juliagoda/Github/AntiMicro/antimicro/zbudowane/CMakeFiles/CMakeTmp

Run Build Command:"/usr/bin/make" "cmTC_91ca4/fast"
/usr/bin/make -f CMakeFiles/cmTC_91ca4.dir/build.make CMakeFiles/cmTC_91ca4.dir/build
make[1]: Wejście do katalogu '/home/juliagoda/Github/AntiMicro/antimicro/zbudowane/CMakeFiles/CMakeTmp'
Building CXX object CMakeFiles/cmTC_91ca4.dir/feature_tests.cxx.o
/usr/bin/c++    -std=c++14 -o CMakeFiles/cmTC_91ca4.dir/feature_tests.cxx.o -c /home/juliagoda/Github/AntiMicro/antimicro/zbudowane/CMakeFiles/feature_tests.cxx
Linking CXX executable cmTC_91ca4
/usr/bin/cmake -E cmake_link_script CMakeFiles/cmTC_91ca4.dir/link.txt --verbose=1
/usr/bin/c++       CMakeFiles/cmTC_91ca4.dir/feature_tests.cxx.o  -o cmTC_91ca4 
make[1]: Opuszczenie katalogu '/home/juliagoda/Github/AntiMicro/antimicro/zbudowane/CMakeFiles/CMakeTmp'


    Feature record: CXX_FEATURE:1cxx_aggregate_default_initializers
    Feature record: CXX_FEATURE:1cxx_alias_templates
    Feature record: CXX_FEATURE:1cxx_alignas
    Feature record: CXX_FEATURE:1cxx_alignof
    Feature record: CXX_FEATURE:1cxx_attributes
    Feature record: CXX_FEATURE:1cxx_attribute_deprecated
    Feature record: CXX_FEATURE:1cxx_auto_type
    Feature record: CXX_FEATURE:1cxx_binary_literals
    Feature record: CXX_FEATURE:1cxx_constexpr
    Feature record: CXX_FEATURE:1cxx_contextual_conversions
    Feature record: CXX_FEATURE:1cxx_decltype
    Feature record: CXX_FEATURE:1cxx_decltype_auto
    Feature record: CXX_FEATURE:1cxx_decltype_incomplete_return_types
    Feature record: CXX_FEATURE:1cxx_default_function_template_args
    Feature record: CXX_FEATURE:1cxx_defaulted_functions
    Feature record: CXX_FEATURE:1cxx_defaulted_move_initializers
    Feature record: CXX_FEATURE:1cxx_delegating_constructors
    Feature record: CXX_FEATURE:1cxx_deleted_functions
    Feature record: CXX_FEATURE:1cxx_digit_separators
    Feature record: CXX_FEATURE:1cxx_enum_forward_declarations
    Feature record: CXX_FEATURE:1cxx_explicit_conversions
    Feature record: CXX_FEATURE:1cxx_extended_friend_declarations
    Feature record: CXX_FEATURE:1cxx_extern_templates
    Feature record: CXX_FEATURE:1cxx_final
    Feature record: CXX_FEATURE:1cxx_func_identifier
    Feature record: CXX_FEATURE:1cxx_generalized_initializers
    Feature record: CXX_FEATURE:1cxx_generic_lambdas
    Feature record: CXX_FEATURE:1cxx_inheriting_constructors
    Feature record: CXX_FEATURE:1cxx_inline_namespaces
    Feature record: CXX_FEATURE:1cxx_lambdas
    Feature record: CXX_FEATURE:1cxx_lambda_init_captures
    Feature record: CXX_FEATURE:1cxx_local_type_template_args
    Feature record: CXX_FEATURE:1cxx_long_long_type
    Feature record: CXX_FEATURE:1cxx_noexcept
    Feature record: CXX_FEATURE:1cxx_nonstatic_member_init
    Feature record: CXX_FEATURE:1cxx_nullptr
    Feature record: CXX_FEATURE:1cxx_override
    Feature record: CXX_FEATURE:1cxx_range_for
    Feature record: CXX_FEATURE:1cxx_raw_string_literals
    Feature record: CXX_FEATURE:1cxx_reference_qualified_functions
    Feature record: CXX_FEATURE:1cxx_relaxed_constexpr
    Feature record: CXX_FEATURE:1cxx_return_type_deduction
    Feature record: CXX_FEATURE:1cxx_right_angle_brackets
    Feature record: CXX_FEATURE:1cxx_rvalue_references
    Feature record: CXX_FEATURE:1cxx_sizeof_member
    Feature record: CXX_FEATURE:1cxx_static_assert
    Feature record: CXX_FEATURE:1cxx_strong_enums
    Feature record: CXX_FEATURE:1cxx_template_template_parameters
    Feature record: CXX_FEATURE:1cxx_thread_local
    Feature record: CXX_FEATURE:1cxx_trailing_return_types
    Feature record: CXX_FEATURE:1cxx_unicode_literals
    Feature record: CXX_FEATURE:1cxx_uniform_initialization
    Feature record: CXX_FEATURE:1cxx_unrestricted_unions
    Feature record: CXX_FEATURE:1cxx_user_literals
    Feature record: CXX_FEATURE:1cxx_variable_templates
    Feature record: CXX_FEATURE:1cxx_variadic_macros
    Feature record: CXX_FEATURE:1cxx_variadic_templates


Detecting CXX [-std=c++11] compiler features compiled with the following output:
Change Dir: /home/juliagoda/Github/AntiMicro/antimicro/zbudowane/CMakeFiles/CMakeTmp

Run Build Command:"/usr/bin/make" "cmTC_0ddef/fast"
/usr/bin/make -f CMakeFiles/cmTC_0ddef.dir/build.make CMakeFiles/cmTC_0ddef.dir/build
make[1]: Wejście do katalogu '/home/juliagoda/Github/AntiMicro/antimicro/zbudowane/CMakeFiles/CMakeTmp'
Building CXX object CMakeFiles/cmTC_0ddef.dir/feature_tests.cxx.o
/usr/bin/c++    -std=c++11 -o CMakeFiles/cmTC_0ddef.dir/feature_tests.cxx.o -c /home/juliagoda/Github/AntiMicro/antimicro/zbudowane/CMakeFiles/feature_tests.cxx
Linking CXX executable cmTC_0ddef
/usr/bin/cmake -E cmake_link_script CMakeFiles/cmTC_0ddef.dir/link.txt --verbose=1
/usr/bin/c++       CMakeFiles/cmTC_0ddef.dir/feature_tests.cxx.o  -o cmTC_0ddef 
make[1]: Opuszczenie katalogu '/home/juliagoda/Github/AntiMicro/antimicro/zbudowane/CMakeFiles/CMakeTmp'


    Feature record: CXX_FEATURE:0cxx_aggregate_default_initializers
    Feature record: CXX_FEATURE:1cxx_alias_templates
    Feature record: CXX_FEATURE:1cxx_alignas
    Feature record: CXX_FEATURE:1cxx_alignof
    Feature record: CXX_FEATURE:1cxx_attributes
    Feature record: CXX_FEATURE:0cxx_attribute_deprecated
    Feature record: CXX_FEATURE:1cxx_auto_type
    Feature record: CXX_FEATURE:0cxx_binary_literals
    Feature record: CXX_FEATURE:1cxx_constexpr
    Feature record: CXX_FEATURE:0cxx_contextual_conversions
    Feature record: CXX_FEATURE:1cxx_decltype
    Feature record: CXX_FEATURE:0cxx_decltype_auto
    Feature record: CXX_FEATURE:1cxx_decltype_incomplete_return_types
    Feature record: CXX_FEATURE:1cxx_default_function_template_args
    Feature record: CXX_FEATURE:1cxx_defaulted_functions
    Feature record: CXX_FEATURE:1cxx_defaulted_move_initializers
    Feature record: CXX_FEATURE:1cxx_delegating_constructors
    Feature record: CXX_FEATURE:1cxx_deleted_functions
    Feature record: CXX_FEATURE:0cxx_digit_separators
    Feature record: CXX_FEATURE:1cxx_enum_forward_declarations
    Feature record: CXX_FEATURE:1cxx_explicit_conversions
    Feature record: CXX_FEATURE:1cxx_extended_friend_declarations
    Feature record: CXX_FEATURE:1cxx_extern_templates
    Feature record: CXX_FEATURE:1cxx_final
    Feature record: CXX_FEATURE:1cxx_func_identifier
    Feature record: CXX_FEATURE:1cxx_generalized_initializers
    Feature record: CXX_FEATURE:0cxx_generic_lambdas
    Feature record: CXX_FEATURE:1cxx_inheriting_constructors
    Feature record: CXX_FEATURE:1cxx_inline_namespaces
    Feature record: CXX_FEATURE:1cxx_lambdas
    Feature record: CXX_FEATURE:0cxx_lambda_init_captures
    Feature record: CXX_FEATURE:1cxx_local_type_template_args
    Feature record: CXX_FEATURE:1cxx_long_long_type
    Feature record: CXX_FEATURE:1cxx_noexcept
    Feature record: CXX_FEATURE:1cxx_nonstatic_member_init
    Feature record: CXX_FEATURE:1cxx_nullptr
    Feature record: CXX_FEATURE:1cxx_override
    Feature record: CXX_FEATURE:1cxx_range_for
    Feature record: CXX_FEATURE:1cxx_raw_string_literals
    Feature record: CXX_FEATURE:1cxx_reference_qualified_functions
    Feature record: CXX_FEATURE:0cxx_relaxed_constexpr
    Feature record: CXX_FEATURE:0cxx_return_type_deduction
    Feature record: CXX_FEATURE:1cxx_right_angle_brackets
    Feature record: CXX_FEATURE:1cxx_rvalue_references
    Feature record: CXX_FEATURE:1cxx_sizeof_member
    Feature record: CXX_FEATURE:1cxx_static_assert
    Feature record: CXX_FEATURE:1cxx_strong_enums
    Feature record: CXX_FEATURE:1cxx_template_template_parameters
    Feature record: CXX_FEATURE:1cxx_thread_local
    Feature record: CXX_FEATURE:1cxx_trailing_return_types
    Feature record: CXX_FEATURE:1cxx_unicode_literals
    Feature record: CXX_FEATURE:1cxx_uniform_initialization
    Feature record: CXX_FEATURE:1cxx_unrestricted_unions
    Feature record: CXX_FEATURE:1cxx_user_literals
    Feature record: CXX_FEATURE:0cxx_variable_templates
    Feature record: CXX_FEATURE:1cxx_variadic_macros
    Feature record: CXX_FEATURE:1cxx_variadic_templates


Detecting CXX [-std=c++98] compiler features compiled with the following output:
Change Dir: /home/juliagoda/Github/AntiMicro/antimicro/zbudowane/CMakeFiles/CMakeTmp

Run Build Command:"/usr/bin/make" "cmTC_8eef8/fast"
/usr/bin/make -f CMakeFiles/cmTC_8eef8.dir/build.make CMakeFiles/cmTC_8eef8.dir/build
make[1]: Wejście do katalogu '/home/juliagoda/Github/AntiMicro/antimicro/zbudowane/CMakeFiles/CMakeTmp'
Building CXX object CMakeFiles/cmTC_8eef8.dir/feature_tests.cxx.o
/usr/bin/c++    -std=c++98 -o CMakeFiles/cmTC_8eef8.dir/feature_tests.cxx.o -c /home/juliagoda/Github/AntiMicro/antimicro/zbudowane/CMakeFiles/feature_tests.cxx
Linking CXX executable cmTC_8eef8
/usr/bin/cmake -E cmake_link_script CMakeFiles/cmTC_8eef8.dir/link.txt --verbose=1
/usr/bin/c++       CMakeFiles/cmTC_8eef8.dir/feature_tests.cxx.o  -o cmTC_8eef8 
make[1]: Opuszczenie katalogu '/home/juliagoda/Github/AntiMicro/antimicro/zbudowane/CMakeFiles/CMakeTmp'


    Feature record: CXX_FEATURE:0cxx_aggregate_default_initializers
    Feature record: CXX_FEATURE:0cxx_alias_templates
    Feature record: CXX_FEATURE:0cxx_alignas
    Feature record: CXX_FEATURE:0cxx_alignof
    Feature record: CXX_FEATURE:0cxx_attributes
    Feature record: CXX_FEATURE:0cxx_attribute_deprecated
    Feature record: CXX_FEATURE:0cxx_auto_type
    Feature record: CXX_FEATURE:0cxx_binary_literals
    Feature record: CXX_FEATURE:0cxx_constexpr
    Feature record: CXX_FEATURE:0cxx_contextual_conversions
    Feature record: CXX_FEATURE:0cxx_decltype
    Feature record: CXX_FEATURE:0cxx_decltype_auto
    Feature record: CXX_FEATURE:0cxx_decltype_incomplete_return_types
    Feature record: CXX_FEATURE:0cxx_default_function_template_args
    Feature record: CXX_FEATURE:0cxx_defaulted_functions
    Feature record: CXX_FEATURE:0cxx_defaulted_move_initializers
    Feature record: CXX_FEATURE:0cxx_delegating_constructors
    Feature record: CXX_FEATURE:0cxx_deleted_functions
    Feature record: CXX_FEATURE:0cxx_digit_separators
    Feature record: CXX_FEATURE:0cxx_enum_forward_declarations
    Feature record: CXX_FEATURE:0cxx_explicit_conversions
    Feature record: CXX_FEATURE:0cxx_extended_friend_declarations
    Feature record: CXX_FEATURE:0cxx_extern_templates
    Feature record: CXX_FEATURE:0cxx_final
    Feature record: CXX_FEATURE:0cxx_func_identifier
    Feature record: CXX_FEATURE:0cxx_generalized_initializers
    Feature record: CXX_FEATURE:0cxx_generic_lambdas
    Feature record: CXX_FEATURE:0cxx_inheriting_constructors
    Feature record: CXX_FEATURE:0cxx_inline_namespaces
    Feature record: CXX_FEATURE:0cxx_lambdas
    Feature record: CXX_FEATURE:0cxx_lambda_init_captures
    Feature record: CXX_FEATURE:0cxx_local_type_template_args
    Feature record: CXX_FEATURE:0cxx_long_long_type
    Feature record: CXX_FEATURE:0cxx_noexcept
    Feature record: CXX_FEATURE:0cxx_nonstatic_member_init
    Feature record: CXX_FEATURE:0cxx_nullptr
    Feature record: CXX_FEATURE:0cxx_override
    Feature record: CXX_FEATURE:0cxx_range_for
    Feature record: CXX_FEATURE:0cxx_raw_string_literals
    Feature record: CXX_FEATURE:0cxx_reference_qualified_functions
    Feature record: CXX_FEATURE:0cxx_relaxed_constexpr
    Feature record: CXX_FEATURE:0cxx_return_type_deduction
    Feature record: CXX_FEATURE:0cxx_right_angle_brackets
    Feature record: CXX_FEATURE:0cxx_rvalue_references
    Feature record: CXX_FEATURE:0cxx_sizeof_member
    Feature record: CXX_FEATURE:0cxx_static_assert
    Feature record: CXX_FEATURE:0cxx_strong_enums
    Feature record: CXX_FEATURE:1cxx_template_template_parameters
    Feature record: CXX_FEATURE:0cxx_thread_local
    Feature record: CXX_FEATURE:0cxx_trailing_return_types
    Feature record: CXX_FEATURE:0cxx_unicode_literals
    Feature record: CXX_FEATURE:0cxx_uniform_initialization
    Feature record: CXX_FEATURE:0cxx_unrestricted_unions
    Feature record: CXX_FEATURE:0cxx_user_literals
    Feature record: CXX_FEATURE:0cxx_variable_templates
    Feature record: CXX_FEATURE:0cxx_variadic_macros
    Feature record: CXX_FEATURE:0cxx_variadic_templates
Determining if the function XOpenDisplay exists in the /usr/lib/libX11.so;/usr/lib/libXext.so passed with the following output:
Change Dir: /home/juliagoda/Github/AntiMicro/antimicro/zbudowane/CMakeFiles/CMakeTmp

Run Build Command:"/usr/bin/make" "cmTC_7f6eb/fast"
/usr/bin/make -f CMakeFiles/cmTC_7f6eb.dir/build.make CMakeFiles/cmTC_7f6eb.dir/build
make[1]: Wejście do katalogu '/home/juliagoda/Github/AntiMicro/antimicro/zbudowane/CMakeFiles/CMakeTmp'
Building C object CMakeFiles/cmTC_7f6eb.dir/CheckFunctionExists.c.o
/usr/bin/cc   -DCHECK_FUNCTION_EXISTS=XOpenDisplay   -o CMakeFiles/cmTC_7f6eb.dir/CheckFunctionExists.c.o   -c /usr/share/cmake-3.11/Modules/CheckFunctionExists.c
Linking C executable cmTC_7f6eb
/usr/bin/cmake -E cmake_link_script CMakeFiles/cmTC_7f6eb.dir/link.txt --verbose=1
/usr/bin/cc  -DCHECK_FUNCTION_EXISTS=XOpenDisplay    CMakeFiles/cmTC_7f6eb.dir/CheckFunctionExists.c.o  -o cmTC_7f6eb /usr/lib/libX11.so /usr/lib/libXext.so 
make[1]: Opuszczenie katalogu '/home/juliagoda/Github/AntiMicro/antimicro/zbudowane/CMakeFiles/CMakeTmp'


Determining if the function gethostbyname exists passed with the following output:
Change Dir: /home/juliagoda/Github/AntiMicro/antimicro/zbudowane/CMakeFiles/CMakeTmp

Run Build Command:"/usr/bin/make" "cmTC_ca44a/fast"
/usr/bin/make -f CMakeFiles/cmTC_ca44a.dir/build.make CMakeFiles/cmTC_ca44a.dir/build
make[1]: Wejście do katalogu '/home/juliagoda/Github/AntiMicro/antimicro/zbudowane/CMakeFiles/CMakeTmp'
Building C object CMakeFiles/cmTC_ca44a.dir/CheckFunctionExists.c.o
/usr/bin/cc   -DCHECK_FUNCTION_EXISTS=gethostbyname   -o CMakeFiles/cmTC_ca44a.dir/CheckFunctionExists.c.o   -c /usr/share/cmake-3.11/Modules/CheckFunctionExists.c
Linking C executable cmTC_ca44a
/usr/bin/cmake -E cmake_link_script CMakeFiles/cmTC_ca44a.dir/link.txt --verbose=1
/usr/bin/cc  -DCHECK_FUNCTION_EXISTS=gethostbyname    CMakeFiles/cmTC_ca44a.dir/CheckFunctionExists.c.o  -o cmTC_ca44a 
make[1]: Opuszczenie katalogu '/home/juliagoda/Github/AntiMicro/antimicro/zbudowane/CMakeFiles/CMakeTmp'


Determining if the function connect exists passed with the following output:
Change Dir: /home/juliagoda/Github/AntiMicro/antimicro/zbudowane/CMakeFiles/CMakeTmp

Run Build Command:"/usr/bin/make" "cmTC_31df2/fast"
/usr/bin/make -f CMakeFiles/cmTC_31df2.dir/build.make CMakeFiles/cmTC_31df2.dir/build
make[1]: Wejście do katalogu '/home/juliagoda/Github/AntiMicro/antimicro/zbudowane/CMakeFiles/CMakeTmp'
Building C object CMakeFiles/cmTC_31df2.dir/CheckFunctionExists.c.o
/usr/bin/cc   -DCHECK_FUNCTION_EXISTS=connect   -o CMakeFiles/cmTC_31df2.dir/CheckFunctionExists.c.o   -c /usr/share/cmake-3.11/Modules/CheckFunctionExists.c
Linking C executable cmTC_31df2
/usr/bin/cmake -E cmake_link_script CMakeFiles/cmTC_31df2.dir/link.txt --verbose=1
/usr/bin/cc  -DCHECK_FUNCTION_EXISTS=connect    CMakeFiles/cmTC_31df2.dir/CheckFunctionExists.c.o  -o cmTC_31df2 
make[1]: Opuszczenie katalogu '/home/juliagoda/Github/AntiMicro/antimicro/zbudowane/CMakeFiles/CMakeTmp'


Determining if the function remove exists passed with the following output:
Change Dir: /home/juliagoda/Github/AntiMicro/antimicro/zbudowane/CMakeFiles/CMakeTmp

Run Build Command:"/usr/bin/make" "cmTC_63329/fast"
/usr/bin/make -f CMakeFiles/cmTC_63329.dir/build.make CMakeFiles/cmTC_63329.dir/build
make[1]: Wejście do katalogu '/home/juliagoda/Github/AntiMicro/antimicro/zbudowane/CMakeFiles/CMakeTmp'
Building C object CMakeFiles/cmTC_63329.dir/CheckFunctionExists.c.o
/usr/bin/cc   -DCHECK_FUNCTION_EXISTS=remove   -o CMakeFiles/cmTC_63329.dir/CheckFunctionExists.c.o   -c /usr/share/cmake-3.11/Modules/CheckFunctionExists.c
Linking C executable cmTC_63329
/usr/bin/cmake -E cmake_link_script CMakeFiles/cmTC_63329.dir/link.txt --verbose=1
/usr/bin/cc  -DCHECK_FUNCTION_EXISTS=remove    CMakeFiles/cmTC_63329.dir/CheckFunctionExists.c.o  -o cmTC_63329 
make[1]: Opuszczenie katalogu '/home/juliagoda/Github/AntiMicro/antimicro/zbudowane/CMakeFiles/CMakeTmp'


Determining if the function shmat exists passed with the following output:
Change Dir: /home/juliagoda/Github/AntiMicro/antimicro/zbudowane/CMakeFiles/CMakeTmp

Run Build Command:"/usr/bin/make" "cmTC_84a11/fast"
/usr/bin/make -f CMakeFiles/cmTC_84a11.dir/build.make CMakeFiles/cmTC_84a11.dir/build
make[1]: Wejście do katalogu '/home/juliagoda/Github/AntiMicro/antimicro/zbudowane/CMakeFiles/CMakeTmp'
Building C object CMakeFiles/cmTC_84a11.dir/CheckFunctionExists.c.o
/usr/bin/cc   -DCHECK_FUNCTION_EXISTS=shmat   -o CMakeFiles/cmTC_84a11.dir/CheckFunctionExists.c.o   -c /usr/share/cmake-3.11/Modules/CheckFunctionExists.c
Linking C executable cmTC_84a11
/usr/bin/cmake -E cmake_link_script CMakeFiles/cmTC_84a11.dir/link.txt --verbose=1
/usr/bin/cc  -DCHECK_FUNCTION_EXISTS=shmat    CMakeFiles/cmTC_84a11.dir/CheckFunctionExists.c.o  -o cmTC_84a11 
make[1]: Opuszczenie katalogu '/home/juliagoda/Github/AntiMicro/antimicro/zbudowane/CMakeFiles/CMakeTmp'


Determining if the function IceConnectionNumber exists in the ICE passed with the following output:
Change Dir: /home/juliagoda/Github/AntiMicro/antimicro/zbudowane/CMakeFiles/CMakeTmp

Run Build Command:"/usr/bin/make" "cmTC_57438/fast"
/usr/bin/make -f CMakeFiles/cmTC_57438.dir/build.make CMakeFiles/cmTC_57438.dir/build
make[1]: Wejście do katalogu '/home/juliagoda/Github/AntiMicro/antimicro/zbudowane/CMakeFiles/CMakeTmp'
Building C object CMakeFiles/cmTC_57438.dir/CheckFunctionExists.c.o
/usr/bin/cc   -DCHECK_FUNCTION_EXISTS=IceConnectionNumber   -o CMakeFiles/cmTC_57438.dir/CheckFunctionExists.c.o   -c /usr/share/cmake-3.11/Modules/CheckFunctionExists.c
Linking C executable cmTC_57438
/usr/bin/cmake -E cmake_link_script CMakeFiles/cmTC_57438.dir/link.txt --verbose=1
/usr/bin/cc  -DCHECK_FUNCTION_EXISTS=IceConnectionNumber    CMakeFiles/cmTC_57438.dir/CheckFunctionExists.c.o  -o cmTC_57438 -lICE 
make[1]: Opuszczenie katalogu '/home/juliagoda/Github/AntiMicro/antimicro/zbudowane/CMakeFiles/CMakeTmp'


